# JRE version: Java(TM) SE Runtime Environment (8.0_60-b27) (build 1.8.0_60-b27)
# Java VM: Java HotSpot(TM) 64-Bit Server VM (25.60-b23 mixed mode windows-amd64 compressed oops)
Heap:
 PSYoungGen      total 141824K, used 39534K [0x00000000d6600000, 0x00000000dff00000, 0x0000000100000000)
  eden space 130048K, 30% used [0x00000000d6600000,0x00000000d8c9b8e8,0x00000000de500000)
  from space 11776K, 0% used [0x00000000df180000,0x00000000df180000,0x00000000dfd00000)
  to   space 12800K, 0% used [0x00000000de500000,0x00000000de500000,0x00000000df180000)
 ParOldGen       total 66048K, used 14062K [0x0000000083200000, 0x0000000087280000, 0x00000000d6600000)
  object space 66048K, 21% used [0x0000000083200000,0x0000000083fbbaa0,0x0000000087280000)
 Metaspace       used 26483K, capacity 26976K, committed 27136K, reserved 1073152K
  class space    used 3087K, capacity 3273K, committed 3328K, reserved 1048576K
GC Heap History (10 events):
Event: 1.277 GC heap before
{Heap before GC invocations=3 (full 0):
 PSYoungGen      total 37888K, used 37862K [0x00000000d6600000, 0x00000000db000000, 0x0000000100000000)
  eden space 32768K, 100% used [0x00000000d6600000,0x00000000d8600000,0x00000000d8600000)
  from space 5120K, 99% used [0x00000000d8b00000,0x00000000d8ff9aa0,0x00000000d9000000)
  to   space 5120K, 0% used [0x00000000d8600000,0x00000000d8600000,0x00000000d8b00000)
 ParOldGen       total 86016K, used 1822K [0x0000000083200000, 0x0000000088600000, 0x00000000d6600000)
  object space 86016K, 2% used [0x0000000083200000,0x00000000833c78c8,0x0000000088600000)
 Metaspace       used 14299K, capacity 14556K, committed 14720K, reserved 1062912K
  class space    used 1775K, capacity 1874K, committed 1920K, reserved 1048576K
Event: 1.283 GC heap after
Heap after GC invocations=3 (full 0):
 PSYoungGen      total 37888K, used 5104K [0x00000000d6600000, 0x00000000db000000, 0x0000000100000000)
  eden space 32768K, 0% used [0x00000000d6600000,0x00000000d6600000,0x00000000d8600000)
  from space 5120K, 99% used [0x00000000d8600000,0x00000000d8afc030,0x00000000d8b00000)
  to   space 5120K, 0% used [0x00000000dab00000,0x00000000dab00000,0x00000000db000000)
 ParOldGen       total 86016K, used 3849K [0x0000000083200000, 0x0000000088600000, 0x00000000d6600000)
  object space 86016K, 4% used [0x0000000083200000,0x00000000835c2688,0x0000000088600000)
 Metaspace       used 14299K, capacity 14556K, committed 14720K, reserved 1062912K
  class space    used 1775K, capacity 1874K, committed 1920K, reserved 1048576K
}
Event: 1.758 GC heap before
{Heap before GC invocations=4 (full 0):
 PSYoungGen      total 37888K, used 37872K [0x00000000d6600000, 0x00000000db000000, 0x0000000100000000)
  eden space 32768K, 100% used [0x00000000d6600000,0x00000000d8600000,0x00000000d8600000)
  from space 5120K, 99% used [0x00000000d8600000,0x00000000d8afc030,0x00000000d8b00000)
  to   space 5120K, 0% used [0x00000000dab00000,0x00000000dab00000,0x00000000db000000)
 ParOldGen       total 86016K, used 3849K [0x0000000083200000, 0x0000000088600000, 0x00000000d6600000)
  object space 86016K, 4% used [0x0000000083200000,0x00000000835c2688,0x0000000088600000)
 Metaspace       used 15099K, capacity 15412K, committed 15616K, reserved 1062912K
  class space    used 1854K, capacity 1946K, committed 2048K, reserved 1048576K
Event: 1.766 GC heap after
Heap after GC invocations=4 (full 0):
 PSYoungGen      total 70656K, used 5088K [0x00000000d6600000, 0x00000000db000000, 0x0000000100000000)
  eden space 65536K, 0% used [0x00000000d6600000,0x00000000d6600000,0x00000000da600000)
  from space 5120K, 99% used [0x00000000dab00000,0x00000000daff8020,0x00000000db000000)
  to   space 5120K, 0% used [0x00000000da600000,0x00000000da600000,0x00000000dab00000)
 ParOldGen       total 86016K, used 6408K [0x0000000083200000, 0x0000000088600000, 0x00000000d6600000)
  object space 86016K, 7% used [0x0000000083200000,0x0000000083842168,0x0000000088600000)
 Metaspace       used 15099K, capacity 15412K, committed 15616K, reserved 1062912K
  class space    used 1854K, capacity 1946K, committed 2048K, reserved 1048576K
}
Event: 2.748 GC heap before
{Heap before GC invocations=5 (full 0):
 PSYoungGen      total 70656K, used 70624K [0x00000000d6600000, 0x00000000db000000, 0x0000000100000000)
  eden space 65536K, 100% used [0x00000000d6600000,0x00000000da600000,0x00000000da600000)
  from space 5120K, 99% used [0x00000000dab00000,0x00000000daff8020,0x00000000db000000)
  to   space 5120K, 0% used [0x00000000da600000,0x00000000da600000,0x00000000dab00000)
 ParOldGen       total 86016K, used 6408K [0x0000000083200000, 0x0000000088600000, 0x00000000d6600000)
  object space 86016K, 7% used [0x0000000083200000,0x0000000083842168,0x0000000088600000)
 Metaspace       used 19351K, capacity 19724K, committed 19968K, reserved 1067008K
  class space    used 2316K, capacity 2446K, committed 2560K, reserved 1048576K
Event: 2.759 GC heap after
Heap after GC invocations=5 (full 0):
 PSYoungGen      total 70656K, used 5105K [0x00000000d6600000, 0x00000000dfd00000, 0x0000000100000000)
  eden space 65536K, 0% used [0x00000000d6600000,0x00000000d6600000,0x00000000da600000)
  from space 5120K, 99% used [0x00000000da600000,0x00000000daafc4e0,0x00000000dab00000)
  to   space 11776K, 0% used [0x00000000df180000,0x00000000df180000,0x00000000dfd00000)
 ParOldGen       total 86016K, used 12303K [0x0000000083200000, 0x0000000088600000, 0x00000000d6600000)
  object space 86016K, 14% used [0x0000000083200000,0x0000000083e03ea0,0x0000000088600000)
 Metaspace       used 19351K, capacity 19724K, committed 19968K, reserved 1067008K
  class space    used 2316K, capacity 2446K, committed 2560K, reserved 1048576K
}
Event: 2.951 GC heap before
{Heap before GC invocations=6 (full 0):
 PSYoungGen      total 70656K, used 29269K [0x00000000d6600000, 0x00000000dfd00000, 0x0000000100000000)
  eden space 65536K, 36% used [0x00000000d6600000,0x00000000d7d99180,0x00000000da600000)
  from space 5120K, 99% used [0x00000000da600000,0x00000000daafc4e0,0x00000000dab00000)
  to   space 11776K, 0% used [0x00000000df180000,0x00000000df180000,0x00000000dfd00000)
 ParOldGen       total 86016K, used 12303K [0x0000000083200000, 0x0000000088600000, 0x00000000d6600000)
  object space 86016K, 14% used [0x0000000083200000,0x0000000083e03ea0,0x0000000088600000)
 Metaspace       used 20786K, capacity 21188K, committed 21296K, reserved 1069056K
  class space    used 2471K, capacity 2623K, committed 2688K, reserved 1048576K
Event: 2.963 GC heap after
Heap after GC invocations=6 (full 0):
 PSYoungGen      total 141824K, used 10241K [0x00000000d6600000, 0x00000000dff00000, 0x0000000100000000)
  eden space 130048K, 0% used [0x00000000d6600000,0x00000000d6600000,0x00000000de500000)
  from space 11776K, 86% used [0x00000000df180000,0x00000000dfb80528,0x00000000dfd00000)
  to   space 12800K, 0% used [0x00000000de500000,0x00000000de500000,0x00000000df180000)
 ParOldGen       total 86016K, used 12311K [0x0000000083200000, 0x0000000088600000, 0x00000000d6600000)
  object space 86016K, 14% used [0x0000000083200000,0x0000000083e05ea0,0x0000000088600000)
 Metaspace       used 20786K, capacity 21188K, committed 21296K, reserved 1069056K
  class space    used 2471K, capacity 2623K, committed 2688K, reserved 1048576K
}
Event: 2.963 GC heap before
{Heap before GC invocations=7 (full 1):
 PSYoungGen      total 141824K, used 10241K [0x00000000d6600000, 0x00000000dff00000, 0x0000000100000000)
  eden space 130048K, 0% used [0x00000000d6600000,0x00000000d6600000,0x00000000de500000)
  from space 11776K, 86% used [0x00000000df180000,0x00000000dfb80528,0x00000000dfd00000)
  to   space 12800K, 0% used [0x00000000de500000,0x00000000de500000,0x00000000df180000)
 ParOldGen       total 86016K, used 12311K [0x0000000083200000, 0x0000000088600000, 0x00000000d6600000)
  object space 86016K, 14% used [0x0000000083200000,0x0000000083e05ea0,0x0000000088600000)
 Metaspace       used 20786K, capacity 21188K, committed 21296K, reserved 1069056K
  class space    used 2471K, capacity 2623K, committed 2688K, reserved 1048576K
Event: 3.002 GC heap after
Heap after GC invocations=7 (full 1):
 PSYoungGen      total 141824K, used 0K [0x00000000d6600000, 0x00000000dff00000, 0x0000000100000000)
  eden space 130048K, 0% used [0x00000000d6600000,0x00000000d6600000,0x00000000de500000)
  from space 11776K, 0% used [0x00000000df180000,0x00000000df180000,0x00000000dfd00000)
  to   space 12800K, 0% used [0x00000000de500000,0x00000000de500000,0x00000000df180000)
 ParOldGen       total 66048K, used 14062K [0x0000000083200000, 0x0000000087280000, 0x00000000d6600000)
  object space 66048K, 21% used [0x0000000083200000,0x0000000083fbbaa0,0x0000000087280000)
 Metaspace       used 20786K, capacity 21188K, committed 21296K, reserved 1069056K
  class space    used 2471K, capacity 2623K, committed 2688K, reserved 1048576K
}

